TN:
SF:src\util\auth.ts
FN:1,getAuthToken
FNF:1
FNH:0
FNDA:0,getAuthToken
DA:2,0
LF:1
LH:0
BRDA:3,0,0,0
BRDA:3,0,1,0
BRDA:3,0,2,0
BRF:3
BRH:0
end_of_record
TN:
SF:src\util\contract.ts
FN:6,shortenContractId
FNF:1
FNH:0
FNDA:0,shortenContractId
DA:11,0
DA:12,0
DA:14,0
DA:15,0
DA:16,0
DA:19,0
LF:6
LH:0
BRDA:8,0,0,0
BRDA:9,1,0,0
BRDA:11,2,0,0
BRDA:11,2,1,0
BRF:4
BRH:0
end_of_record
TN:
SF:src\util\error.ts
FN:1,parseError
FNF:1
FNH:0
FNDA:0,parseError
DA:2,0
DA:7,0
DA:11,0
DA:14,0
DA:19,0
DA:23,0
DA:29,0
DA:33,0
DA:39,0
DA:44,0
LF:10
LH:0
BRDA:2,0,0,0
BRDA:2,0,1,0
BRDA:7,1,0,0
BRDA:7,1,1,0
BRDA:7,2,0,0
BRDA:7,2,1,0
BRDA:7,2,2,0
BRDA:14,3,0,0
BRDA:14,3,1,0
BRDA:15,4,0,0
BRDA:15,4,1,0
BRDA:15,4,2,0
BRDA:23,5,0,0
BRDA:23,5,1,0
BRDA:24,6,0,0
BRDA:24,6,1,0
BRDA:24,6,2,0
BRDA:24,6,3,0
BRDA:33,7,0,0
BRDA:33,7,1,0
BRDA:34,8,0,0
BRDA:34,8,1,0
BRDA:34,8,2,0
BRDA:34,8,3,0
BRF:24
BRH:0
end_of_record
TN:
SF:src\util\formatDate.ts
FN:19,getCurrentDateLocale
FN:30,formatDate
FNF:2
FNH:0
FNDA:0,getCurrentDateLocale
FNDA:0,formatDate
DA:8,0
DA:20,0
DA:21,0
DA:31,0
LF:4
LH:0
BRDA:20,0,0,0
BRDA:20,0,1,0
BRDA:21,1,0,0
BRDA:21,1,1,0
BRDA:30,2,0,0
BRF:5
BRH:0
end_of_record
TN:
SF:src\util\friendbot.ts
FN:4,getFriendbotUrl
FNF:1
FNH:0
FNDA:0,getFriendbotUrl
DA:5,0
DA:8,0
DA:10,0
DA:12,0
DA:14,0
LF:5
LH:0
BRDA:5,0,0,0
BRDA:5,0,1,0
BRDA:5,0,2,0
BRDA:5,0,3,0
BRF:4
BRH:0
end_of_record
TN:
SF:src\util\learningTime.ts
FN:29,defaultState
FN:37,safeNowIso
FN:41,toLessonKey
FN:45,parseState
FN:69,readState
FN:77,writeState
FN:82,stopActiveSessionIfAny
FN:114,startLessonSession
FN:143,stopLessonSession
FN:157,completeLessonSession
FN:192,getLessonTime
FN:200,getLearningTimeSummary
FN:207,(anonymous_12)
FN:218,formatDuration
FNF:14
FNH:0
FNDA:0,defaultState
FNDA:0,safeNowIso
FNDA:0,toLessonKey
FNDA:0,parseState
FNDA:0,readState
FNDA:0,writeState
FNDA:0,stopActiveSessionIfAny
FNDA:0,startLessonSession
FNDA:0,stopLessonSession
FNDA:0,completeLessonSession
FNDA:0,getLessonTime
FNDA:0,getLearningTimeSummary
FNDA:0,(anonymous_12)
FNDA:0,formatDuration
DA:27,0
DA:30,0
DA:38,0
DA:42,0
DA:46,0
DA:48,0
DA:49,0
DA:50,0
DA:65,0
DA:70,0
DA:71,0
DA:74,0
DA:78,0
DA:79,0
DA:85,0
DA:86,0
DA:88,0
DA:89,0
DA:90,0
DA:91,0
DA:92,0
DA:98,0
DA:103,0
DA:104,0
DA:105,0
DA:107,0
DA:119,0
DA:121,0
DA:122,0
DA:124,0
DA:125,0
DA:126,0
DA:131,0
DA:134,0
DA:140,0
DA:147,0
DA:148,0
DA:149,0
DA:150,0
DA:152,0
DA:153,0
DA:154,0
DA:162,0
DA:163,0
DA:165,0
DA:170,0
DA:173,0
DA:178,0
DA:187,0
DA:188,0
DA:189,0
DA:196,0
DA:197,0
DA:205,0
DA:206,0
DA:207,0
DA:208,0
DA:211,0
DA:219,0
DA:221,0
DA:222,0
DA:223,0
DA:225,0
DA:226,0
DA:227,0
LF:65
LH:0
BRDA:46,0,0,0
BRDA:46,0,1,0
BRDA:52,1,0,0
BRDA:52,1,1,0
BRDA:52,2,0,0
BRDA:52,2,1,0
BRDA:56,3,0,0
BRDA:56,3,1,0
BRDA:56,4,0,0
BRDA:56,4,1,0
BRDA:60,5,0,0
BRDA:60,5,1,0
BRDA:60,6,0,0
BRDA:60,6,1,0
BRDA:70,7,0,0
BRDA:70,7,1,0
BRDA:70,8,0,0
BRDA:70,8,1,0
BRDA:78,9,0,0
BRDA:78,9,1,0
BRDA:78,10,0,0
BRDA:78,10,1,0
BRDA:86,11,0,0
BRDA:86,11,1,0
BRDA:92,12,0,0
BRDA:92,12,1,0
BRDA:119,13,0,0
BRDA:119,13,1,0
BRDA:119,14,0,0
BRDA:119,14,1,0
BRDA:119,14,2,0
BRDA:126,15,0,0
BRDA:126,15,1,0
BRDA:127,16,0,0
BRDA:127,16,1,0
BRDA:127,16,2,0
BRDA:149,17,0,0
BRDA:149,17,1,0
BRDA:150,18,0,0
BRDA:150,18,1,0
BRDA:150,19,0,0
BRDA:150,19,1,0
BRDA:165,20,0,0
BRDA:165,20,1,0
BRDA:166,21,0,0
BRDA:166,21,1,0
BRDA:166,21,2,0
BRDA:173,22,0,0
BRDA:173,22,1,0
BRDA:181,23,0,0
BRDA:181,23,1,0
BRDA:181,24,0,0
BRDA:181,24,1,0
BRDA:197,25,0,0
BRDA:197,25,1,0
BRDA:219,26,0,0
BRDA:219,26,1,0
BRDA:219,27,0,0
BRDA:219,27,1,0
BRDA:225,28,0,0
BRDA:225,28,1,0
BRDA:226,29,0,0
BRDA:226,29,1,0
BRF:63
BRH:0
end_of_record
TN:
SF:src\util\mockLeaderboardData.ts
FN:30,hashCode
FN:40,deterministicRandom
FN:48,generateLeaderboard
FN:51,(anonymous_3)
FN:93,(anonymous_4)
FN:109,(anonymous_5)
FN:110,(anonymous_6)
FN:116,filterByTime
FN:122,(anonymous_8)
FN:125,shortenAddr
FNF:10
FNH:0
FNDA:0,hashCode
FNDA:0,deterministicRandom
FNDA:0,generateLeaderboard
FNDA:0,(anonymous_3)
FNDA:0,(anonymous_4)
FNDA:0,(anonymous_5)
FNDA:0,(anonymous_6)
FNDA:0,filterByTime
FNDA:0,(anonymous_8)
FNDA:0,shortenAddr
DA:17,0
DA:31,0
DA:32,0
DA:33,0
DA:34,0
DA:35,0
DA:37,0
DA:41,0
DA:42,0
DA:45,0
DA:46,0
DA:51,0
DA:52,0
DA:53,0
DA:54,0
DA:55,0
DA:56,0
DA:57,0
DA:58,0
DA:60,0
DA:71,0
DA:72,0
DA:73,0
DA:74,0
DA:75,0
DA:76,0
DA:77,0
DA:78,0
DA:79,0
DA:80,0
DA:81,0
DA:92,0
DA:93,0
DA:94,0
DA:95,0
DA:96,0
DA:108,0
DA:109,0
DA:112,0
DA:120,0
DA:121,0
DA:122,0
DA:126,0
DA:127,0
LF:44
LH:0
BRDA:92,0,0,0
BRDA:92,0,1,0
BRDA:94,1,0,0
BRDA:94,1,1,0
BRDA:120,2,0,0
BRDA:120,2,1,0
BRDA:121,3,0,0
BRDA:121,3,1,0
BRDA:126,4,0,0
BRDA:126,4,1,0
BRF:10
BRH:0
end_of_record
TN:
SF:src\util\profileData.ts
FN:62,(anonymous_0)
FN:74,(anonymous_1)
FN:77,(anonymous_2)
FN:103,(anonymous_3)
FN:118,(anonymous_4)
FN:123,(anonymous_5)
FN:129,(anonymous_6)
FN:143,(anonymous_7)
FN:167,(anonymous_8)
FN:173,(anonymous_9)
FN:176,(anonymous_10)
FN:180,(anonymous_11)
FN:192,(anonymous_12)
FN:193,(anonymous_13)
FN:195,(anonymous_14)
FN:200,(anonymous_15)
FN:202,(anonymous_16)
FN:209,(anonymous_17)
FN:211,(anonymous_18)
FN:218,(anonymous_19)
FN:227,(anonymous_20)
FN:234,(anonymous_21)
FNF:22
FNH:0
FNDA:0,(anonymous_0)
FNDA:0,(anonymous_1)
FNDA:0,(anonymous_2)
FNDA:0,(anonymous_3)
FNDA:0,(anonymous_4)
FNDA:0,(anonymous_5)
FNDA:0,(anonymous_6)
FNDA:0,(anonymous_7)
FNDA:0,(anonymous_8)
FNDA:0,(anonymous_9)
FNDA:0,(anonymous_10)
FNDA:0,(anonymous_11)
FNDA:0,(anonymous_12)
FNDA:0,(anonymous_13)
FNDA:0,(anonymous_14)
FNDA:0,(anonymous_15)
FNDA:0,(anonymous_16)
FNDA:0,(anonymous_17)
FNDA:0,(anonymous_18)
FNDA:0,(anonymous_19)
FNDA:0,(anonymous_20)
FNDA:0,(anonymous_21)
DA:56,0
DA:58,0
DA:62,0
DA:63,0
DA:64,0
DA:67,0
DA:74,0
DA:75,0
DA:77,0
DA:78,0
DA:79,0
DA:80,0
DA:81,0
DA:86,0
DA:87,0
DA:88,0
DA:96,0
DA:103,0
DA:109,0
DA:110,0
DA:114,0
DA:115,0
DA:118,0
DA:119,0
DA:120,0
DA:123,0
DA:127,0
DA:129,0
DA:130,0
DA:131,0
DA:143,0
DA:144,0
DA:146,0
DA:160,0
DA:161,0
DA:164,0
DA:167,0
DA:168,0
DA:173,0
DA:174,0
DA:176,0
DA:179,0
DA:180,0
DA:181,0
DA:183,0
DA:184,0
DA:186,0
DA:192,0
DA:193,0
DA:195,0
DA:196,0
DA:199,0
DA:200,0
DA:202,0
DA:208,0
DA:209,0
DA:211,0
DA:217,0
DA:219,0
DA:220,0
DA:227,0
DA:234,0
DA:240,0
LF:63
LH:0
BRDA:64,0,0,0
BRDA:64,0,1,0
BRDA:64,1,0,0
BRDA:64,1,1,0
BRDA:80,2,0,0
BRDA:80,2,1,0
BRDA:90,3,0,0
BRDA:90,3,1,0
BRDA:92,4,0,0
BRDA:92,4,1,0
BRDA:119,5,0,0
BRDA:119,5,1,0
BRDA:120,6,0,0
BRDA:120,6,1,0
BRDA:144,7,0,0
BRDA:144,7,1,0
BRDA:160,8,0,0
BRDA:160,8,1,0
BRDA:164,9,0,0
BRDA:164,9,1,0
BRDA:169,10,0,0
BRDA:169,10,1,0
BRDA:174,11,0,0
BRDA:174,11,1,0
BRDA:181,12,0,0
BRDA:181,12,1,0
BRDA:203,13,0,0
BRDA:203,13,1,0
BRDA:212,14,0,0
BRDA:212,14,1,0
BRDA:221,15,0,0
BRDA:221,15,1,0
BRDA:221,15,2,0
BRDA:228,16,0,0
BRDA:228,16,1,0
BRDA:235,17,0,0
BRDA:235,17,1,0
BRF:37
BRH:0
end_of_record
TN:
SF:src\util\proposalDraft.ts
FN:23,saveProposalDraft
FN:37,loadProposalDraft
FN:64,clearProposalDraft
FN:74,hasProposalDraft
FN:84,getDraftTimestamp
FNF:5
FNH:0
FNDA:0,saveProposalDraft
FNDA:0,loadProposalDraft
FNDA:0,clearProposalDraft
FNDA:0,hasProposalDraft
FNDA:0,getDraftTimestamp
DA:19,0
DA:21,0
DA:24,0
DA:26,0
DA:27,0
DA:31,0
DA:33,0
DA:38,0
DA:40,0
DA:41,0
DA:42,0
DA:44,0
DA:47,0
DA:52,0
DA:53,0
DA:56,0
DA:58,0
DA:59,0
DA:60,0
DA:65,0
DA:67,0
DA:68,0
DA:70,0
DA:75,0
DA:77,0
DA:78,0
DA:80,0
DA:85,0
DA:87,0
DA:88,0
DA:89,0
DA:91,0
DA:92,0
DA:94,0
LF:34
LH:0
BRDA:21,0,0,0
BRDA:21,0,1,0
BRDA:24,1,0,0
BRDA:24,1,1,0
BRDA:38,2,0,0
BRDA:38,2,1,0
BRDA:42,3,0,0
BRDA:42,3,1,0
BRDA:47,4,0,0
BRDA:47,4,1,0
BRDA:48,5,0,0
BRDA:48,5,1,0
BRDA:48,5,2,0
BRDA:65,6,0,0
BRDA:65,6,1,0
BRDA:75,7,0,0
BRDA:75,7,1,0
BRDA:85,8,0,0
BRDA:85,8,1,0
BRDA:89,9,0,0
BRDA:89,9,1,0
BRDA:92,10,0,0
BRDA:92,10,1,0
BRF:23
BRH:0
end_of_record
TN:
SF:src\util\reputationRank.ts
FN:25,lrnBalanceToNumber
FN:33,getReputationRankFromLrn
FNF:2
FNH:0
FNDA:0,lrnBalanceToNumber
FNDA:0,getReputationRankFromLrn
DA:7,0
DA:26,0
DA:27,0
DA:28,0
DA:30,0
DA:34,0
DA:35,0
DA:36,0
DA:37,0
DA:38,0
DA:39,0
DA:40,0
LF:12
LH:0
BRDA:26,0,0,0
BRDA:26,0,1,0
BRDA:28,1,0,0
BRDA:28,1,1,0
BRDA:35,2,0,0
BRDA:35,2,1,0
BRDA:36,3,0,0
BRDA:36,3,1,0
BRDA:37,4,0,0
BRDA:37,4,1,0
BRDA:38,5,0,0
BRDA:38,5,1,0
BRDA:39,6,0,0
BRDA:39,6,1,0
BRF:14
BRH:0
end_of_record
TN:
SF:src\util\safeMarkdown.ts
FN:54,(anonymous_0)
FN:60,(anonymous_1)
FN:75,(anonymous_2)
FNF:3
FNH:0
FNDA:0,(anonymous_0)
FNDA:0,(anonymous_1)
FNDA:0,(anonymous_2)
DA:3,0
DA:25,0
DA:47,0
DA:50,0
DA:51,0
DA:52,0
DA:54,0
DA:55,0
DA:60,0
DA:61,0
DA:62,0
DA:65,0
DA:73,0
DA:75,0
DA:76,0
DA:77,0
DA:78,0
LF:17
LH:0
BRDA:61,0,0,0
BRDA:61,0,1,0
BRDA:61,1,0,0
BRDA:61,1,1,0
BRDA:77,2,0,0
BRDA:77,2,1,0
BRDA:78,3,0,0
BRDA:78,3,1,0
BRF:8
BRH:0
end_of_record
TN:
SF:src\util\scholarshipApplications.ts
FN:9,(anonymous_0)
FN:16,(anonymous_1)
FN:63,(anonymous_2)
FN:97,(anonymous_3)
FN:101,(anonymous_4)
FN:110,(anonymous_5)
FN:119,(anonymous_6)
FN:123,(anonymous_7)
FN:143,(anonymous_8)
FN:158,(anonymous_9)
FN:169,(anonymous_10)
FN:174,(anonymous_11)
FN:179,(anonymous_12)
FN:188,(anonymous_13)
FN:193,(anonymous_14)
FN:196,(anonymous_15)
FN:209,(anonymous_16)
FN:232,(anonymous_17)
FN:240,(anonymous_18)
FN:247,(anonymous_19)
FN:250,(anonymous_20)
FN:253,(anonymous_21)
FN:262,(anonymous_22)
FN:271,(anonymous_23)
FNF:24
FNH:0
FNDA:0,(anonymous_0)
FNDA:0,(anonymous_1)
FNDA:0,(anonymous_2)
FNDA:0,(anonymous_3)
FNDA:0,(anonymous_4)
FNDA:0,(anonymous_5)
FNDA:0,(anonymous_6)
FNDA:0,(anonymous_7)
FNDA:0,(anonymous_8)
FNDA:0,(anonymous_9)
FNDA:0,(anonymous_10)
FNDA:0,(anonymous_11)
FNDA:0,(anonymous_12)
FNDA:0,(anonymous_13)
FNDA:0,(anonymous_14)
FNDA:0,(anonymous_15)
FNDA:0,(anonymous_16)
FNDA:0,(anonymous_17)
FNDA:0,(anonymous_18)
FNDA:0,(anonymous_19)
FNDA:0,(anonymous_20)
FNDA:0,(anonymous_21)
FNDA:0,(anonymous_22)
FNDA:0,(anonymous_23)
DA:4,0
DA:5,0
DA:6,0
DA:7,0
DA:9,0
DA:10,0
DA:11,0
DA:16,0
DA:17,0
DA:18,0
DA:19,0
DA:20,0
DA:23,0
DA:26,0
DA:27,0
DA:31,0
DA:59,0
DA:64,0
DA:68,0
DA:77,0
DA:92,0
DA:98,0
DA:101,0
DA:107,0
DA:110,0
DA:113,0
DA:120,0
DA:121,0
DA:123,0
DA:124,0
DA:125,0
DA:126,0
DA:132,0
DA:133,0
DA:139,0
DA:143,0
DA:144,0
DA:158,0
DA:159,0
DA:160,0
DA:161,0
DA:162,0
DA:163,0
DA:166,0
DA:169,0
DA:170,0
DA:171,0
DA:174,0
DA:175,0
DA:179,0
DA:180,0
DA:181,0
DA:188,0
DA:189,0
DA:190,0
DA:193,0
DA:194,0
DA:196,0
DA:197,0
DA:199,0
DA:201,0
DA:203,0
DA:205,0
DA:209,0
DA:217,0
DA:232,0
DA:234,0
DA:235,0
DA:236,0
DA:237,0
DA:238,0
DA:239,0
DA:240,0
DA:243,0
DA:247,0
DA:250,0
DA:251,0
DA:253,0
DA:254,0
DA:256,0
DA:257,0
DA:259,0
DA:262,0
DA:263,0
DA:264,0
DA:265,0
DA:268,0
DA:271,0
DA:275,0
DA:280,0
LF:90
LH:0
BRDA:11,0,0,0
BRDA:11,0,1,0
BRDA:11,1,0,0
BRDA:11,1,1,0
BRDA:18,2,0,0
BRDA:18,2,1,0
BRDA:20,3,0,0
BRDA:20,3,1,0
BRDA:125,4,0,0
BRDA:125,4,1,0
BRDA:132,5,0,0
BRDA:132,5,1,0
BRDA:161,6,0,0
BRDA:161,6,1,0
BRDA:162,7,0,0
BRDA:162,7,1,0
BRDA:170,8,0,0
BRDA:170,8,1,0
BRDA:171,9,0,0
BRDA:171,9,1,0
BRDA:180,10,0,0
BRDA:180,10,1,0
BRDA:185,11,0,0
BRDA:185,11,1,0
BRDA:189,12,0,0
BRDA:189,12,1,0
BRDA:197,13,0,0
BRDA:197,13,1,0
BRDA:197,13,2,0
BRDA:197,13,3,0
BRDA:220,14,0,0
BRDA:220,14,1,0
BRDA:220,15,0,0
BRDA:220,15,1,0
BRDA:234,16,0,0
BRDA:234,16,1,0
BRDA:236,17,0,0
BRDA:236,17,1,0
BRDA:239,18,0,0
BRDA:239,18,1,0
BRDA:256,19,0,0
BRDA:256,19,1,0
BRDA:263,20,0,0
BRDA:264,21,0,0
BRDA:264,21,1,0
BRDA:266,22,0,0
BRDA:266,22,1,0
BRDA:275,23,0,0
BRDA:275,23,1,0
BRDA:277,24,0,0
BRDA:277,24,1,0
BRF:51
BRH:0
end_of_record
TN:
SF:src\util\scholarshipTreasury.ts
FN:55,(anonymous_0)
FN:62,(anonymous_1)
FN:72,(anonymous_2)
FN:92,(anonymous_3)
FN:122,(anonymous_4)
FN:130,(anonymous_5)
FN:135,(anonymous_6)
FN:143,(anonymous_7)
FN:151,(anonymous_8)
FN:226,(anonymous_9)
FN:235,(anonymous_10)
FN:244,(anonymous_11)
FN:248,(anonymous_12)
FN:253,(anonymous_13)
FN:263,(anonymous_14)
FNF:15
FNH:0
FNDA:0,(anonymous_0)
FNDA:0,(anonymous_1)
FNDA:0,(anonymous_2)
FNDA:0,(anonymous_3)
FNDA:0,(anonymous_4)
FNDA:0,(anonymous_5)
FNDA:0,(anonymous_6)
FNDA:0,(anonymous_7)
FNDA:0,(anonymous_8)
FNDA:0,(anonymous_9)
FNDA:0,(anonymous_10)
FNDA:0,(anonymous_11)
FNDA:0,(anonymous_12)
FNDA:0,(anonymous_13)
FNDA:0,(anonymous_14)
DA:55,0
DA:56,0
DA:57,0
DA:62,0
DA:63,0
DA:64,0
DA:65,0
DA:66,0
DA:68,0
DA:72,0
DA:76,0
DA:77,0
DA:79,0
DA:80,0
DA:81,0
DA:82,0
DA:83,0
DA:87,0
DA:90,0
DA:92,0
DA:96,0
DA:97,0
DA:98,0
DA:102,0
DA:103,0
DA:104,0
DA:106,0
DA:107,0
DA:108,0
DA:109,0
DA:111,0
DA:114,0
DA:115,0
DA:116,0
DA:119,0
DA:122,0
DA:123,0
DA:131,0
DA:132,0
DA:139,0
DA:140,0
DA:141,0
DA:142,0
DA:143,0
DA:144,0
DA:146,0
DA:147,0
DA:155,0
DA:156,0
DA:159,0
DA:160,0
DA:165,0
DA:166,0
DA:169,0
DA:170,0
DA:171,0
DA:174,0
DA:175,0
DA:176,0
DA:177,0
DA:178,0
DA:184,0
DA:192,0
DA:193,0
DA:196,0
DA:197,0
DA:200,0
DA:202,0
DA:205,0
DA:212,0
DA:213,0
DA:214,0
DA:219,0
DA:221,0
DA:222,0
DA:227,0
DA:228,0
DA:230,0
DA:231,0
DA:236,0
DA:237,0
DA:239,0
DA:240,0
DA:245,0
DA:249,0
DA:253,0
DA:257,0
DA:261,0
DA:263,0
DA:264,0
DA:265,0
DA:270,0
LF:92
LH:0
BRDA:57,0,0,0
BRDA:57,0,1,0
BRDA:57,1,0,0
BRDA:57,1,1,0
BRDA:63,2,0,0
BRDA:63,2,1,0
BRDA:64,3,0,0
BRDA:64,3,1,0
BRDA:76,4,0,0
BRDA:76,4,1,0
BRDA:76,5,0,0
BRDA:76,5,1,0
BRDA:77,6,0,0
BRDA:77,6,1,0
BRDA:77,7,0,0
BRDA:77,7,1,0
BRDA:82,8,0,0
BRDA:82,8,1,0
BRDA:82,9,0,0
BRDA:82,9,1,0
BRDA:94,10,0,0
BRDA:96,11,0,0
BRDA:96,11,1,0
BRDA:97,12,0,0
BRDA:97,12,1,0
BRDA:98,13,0,0
BRDA:98,13,1,0
BRDA:102,14,0,0
BRDA:102,14,1,0
BRDA:103,15,0,0
BRDA:103,15,1,0
BRDA:106,16,0,0
BRDA:106,16,1,0
BRDA:109,17,0,0
BRDA:109,17,1,0
BRDA:116,18,0,0
BRDA:116,18,1,0
BRDA:123,19,0,0
BRDA:123,19,1,0
BRDA:130,20,0,0
BRDA:155,21,0,0
BRDA:155,21,1,0
BRDA:159,22,0,0
BRDA:159,22,1,0
BRDA:165,23,0,0
BRDA:165,23,1,0
BRDA:170,24,0,0
BRDA:170,24,1,0
BRDA:200,25,0,0
BRDA:200,25,1,0
BRDA:202,26,0,0
BRDA:202,26,1,0
BRDA:206,27,0,0
BRDA:206,27,1,0
BRDA:212,28,0,0
BRDA:212,28,1,0
BRDA:213,29,0,0
BRDA:213,29,1,0
BRDA:255,30,0,0
BRDA:261,31,0,0
BRDA:261,31,1,0
BRDA:267,32,0,0
BRDA:267,32,1,0
BRF:63
BRH:0
end_of_record
TN:
SF:src\util\sorobanAdmin.ts
FN:30,buildServer
FN:34,toArray
FN:49,(anonymous_2)
FN:57,toStringValue
FN:63,toBooleanValue
FN:67,extractContractDataEntry
FN:83,extractInstanceStorage
FN:101,readStorageEntryValue
FN:120,getContractInstanceStorage
FN:153,simulateContractCall
FN:181,queryBooleanState
FN:195,resolveSignedTransactionXdr
FN:213,extractTransactionHash
FN:233,getScholarshipTreasuryState
FN:250,getCourseMilestoneState
FN:266,invokeContractMethod
FNF:16
FNH:0
FNDA:0,buildServer
FNDA:0,toArray
FNDA:0,(anonymous_2)
FNDA:0,toStringValue
FNDA:0,toBooleanValue
FNDA:0,extractContractDataEntry
FNDA:0,extractInstanceStorage
FNDA:0,readStorageEntryValue
FNDA:0,getContractInstanceStorage
FNDA:0,simulateContractCall
FNDA:0,queryBooleanState
FNDA:0,resolveSignedTransactionXdr
FNDA:0,extractTransactionHash
FNDA:0,getScholarshipTreasuryState
FNDA:0,getCourseMilestoneState
FNDA:0,invokeContractMethod
DA:31,0
DA:35,0
DA:36,0
DA:38,0
DA:43,0
DA:47,0
DA:48,0
DA:50,0
DA:54,0
DA:58,0
DA:64,0
DA:68,0
DA:70,0
DA:71,0
DA:72,0
DA:75,0
DA:76,0
DA:77,0
DA:80,0
DA:85,0
DA:89,0
DA:90,0
DA:93,0
DA:94,0
DA:95,0
DA:98,0
DA:104,0
DA:106,0
DA:107,0
DA:108,0
DA:111,0
DA:112,0
DA:113,0
DA:114,0
DA:116,0
DA:123,0
DA:130,0
DA:133,0
DA:134,0
DA:136,0
DA:137,0
DA:140,0
DA:141,0
DA:143,0
DA:144,0
DA:145,0
DA:146,0
DA:150,0
DA:158,0
DA:159,0
DA:160,0
DA:168,0
DA:170,0
DA:172,0
DA:175,0
DA:178,0
DA:185,0
DA:186,0
DA:187,0
DA:189,0
DA:191,0
DA:199,0
DA:200,0
DA:202,0
DA:203,0
DA:204,0
DA:205,0
DA:206,0
DA:210,0
DA:217,0
DA:218,0
DA:219,0
DA:220,0
DA:222,0
DA:223,0
DA:225,0
DA:226,0
DA:227,0
DA:230,0
DA:236,0
DA:238,0
DA:241,0
DA:253,0
DA:255,0
DA:258,0
DA:279,0
DA:281,0
DA:282,0
DA:285,0
DA:286,0
DA:293,0
DA:294,0
DA:297,0
DA:298,0
DA:302,0
DA:304,0
DA:307,0
DA:314,0
LF:98
LH:0
BRDA:35,0,0,0
BRDA:35,0,1,0
BRDA:36,1,0,0
BRDA:36,1,1,0
BRDA:36,2,0,0
BRDA:36,2,1,0
BRDA:43,3,0,0
BRDA:43,3,1,0
BRDA:44,4,0,0
BRDA:44,4,1,0
BRDA:49,5,0,0
BRDA:49,5,1,0
BRDA:58,6,0,0
BRDA:58,6,1,0
BRDA:58,7,0,0
BRDA:58,7,1,0
BRDA:64,8,0,0
BRDA:64,8,1,0
BRDA:68,9,0,0
BRDA:68,9,1,0
BRDA:68,10,0,0
BRDA:68,10,1,0
BRDA:71,11,0,0
BRDA:71,11,1,0
BRDA:76,12,0,0
BRDA:76,12,1,0
BRDA:76,13,0,0
BRDA:76,13,1,0
BRDA:85,14,0,0
BRDA:85,14,1,0
BRDA:89,15,0,0
BRDA:89,15,1,0
BRDA:89,16,0,0
BRDA:89,16,1,0
BRDA:94,17,0,0
BRDA:94,17,1,0
BRDA:94,18,0,0
BRDA:94,18,1,0
BRDA:104,19,0,0
BRDA:104,19,1,0
BRDA:104,20,0,0
BRDA:104,20,1,0
BRDA:107,21,0,0
BRDA:107,21,1,0
BRDA:107,22,0,0
BRDA:107,22,1,0
BRDA:136,23,0,0
BRDA:136,23,1,0
BRDA:145,24,0,0
BRDA:145,24,1,0
BRDA:156,25,0,0
BRDA:170,26,0,0
BRDA:170,26,1,0
BRDA:172,27,0,0
BRDA:172,27,1,0
BRDA:178,28,0,0
BRDA:178,28,1,0
BRDA:187,29,0,0
BRDA:187,29,1,0
BRDA:199,30,0,0
BRDA:199,30,1,0
BRDA:199,31,0,0
BRDA:199,31,1,0
BRDA:200,32,0,0
BRDA:200,32,1,0
BRDA:200,33,0,0
BRDA:200,33,1,0
BRDA:205,34,0,0
BRDA:205,34,1,0
BRDA:205,35,0,0
BRDA:205,35,1,0
BRDA:215,36,0,0
BRDA:217,37,0,0
BRDA:217,37,1,0
BRDA:218,38,0,0
BRDA:218,38,1,0
BRDA:222,39,0,0
BRDA:222,39,1,0
BRDA:222,40,0,0
BRDA:222,40,1,0
BRDA:227,41,0,0
BRDA:227,41,1,0
BRDA:238,42,0,0
BRDA:238,42,1,0
BRDA:255,43,0,0
BRDA:255,43,1,0
BRDA:278,44,0,0
BRDA:281,45,0,0
BRDA:281,45,1,0
BRDA:302,46,0,0
BRDA:302,46,1,0
BRDA:304,47,0,0
BRDA:304,47,1,0
BRDA:308,48,0,0
BRDA:308,48,1,0
BRDA:314,49,0,0
BRDA:314,49,1,0
BRDA:314,49,2,0
BRF:98
BRH:0
end_of_record
TN:
SF:src\util\storage.ts
FN:15,(anonymous_0)
FN:41,(anonymous_1)
FN:44,(anonymous_2)
FN:47,(anonymous_3)
FN:50,(anonymous_4)
FN:53,(anonymous_5)
FN:56,(anonymous_6)
FN:59,(anonymous_7)
FN:68,(anonymous_8)
FN:72,(anonymous_9)
FN:76,(anonymous_10)
FN:116,(anonymous_11)
FN:124,(anonymous_12)
FN:128,(anonymous_13)
FNF:14
FNH:0
FNDA:0,(anonymous_0)
FNDA:0,(anonymous_1)
FNDA:0,(anonymous_2)
FNDA:0,(anonymous_3)
FNDA:0,(anonymous_4)
FNDA:0,(anonymous_5)
FNDA:0,(anonymous_6)
FNDA:0,(anonymous_7)
FNDA:0,(anonymous_8)
FNDA:0,(anonymous_9)
FNDA:0,(anonymous_10)
FNDA:0,(anonymous_11)
FNDA:0,(anonymous_12)
FNDA:0,(anonymous_13)
DA:22,0
DA:27,0
DA:35,0
DA:36,0
DA:41,0
DA:42,0
DA:43,0
DA:45,0
DA:48,0
DA:51,0
DA:54,0
DA:57,0
DA:60,0
DA:65,0
DA:69,0
DA:73,0
DA:80,0
DA:82,0
DA:83,0
DA:86,0
DA:87,0
DA:89,0
DA:90,0
DA:91,0
DA:94,0
DA:95,0
DA:98,0
DA:101,0
DA:103,0
DA:105,0
DA:107,0
DA:109,0
DA:117,0
DA:118,0
DA:120,0
DA:125,0
DA:129,0
DA:133,0
LF:38
LH:0
BRDA:22,0,0,0
BRDA:22,0,1,0
BRDA:27,1,0,0
BRDA:27,1,1,0
BRDA:28,2,0,0
BRDA:28,2,1,0
BRDA:28,2,2,0
BRDA:28,2,3,0
BRDA:28,2,4,0
BRDA:28,2,5,0
BRDA:45,3,0,0
BRDA:45,3,1,0
BRDA:57,4,0,0
BRDA:57,4,1,0
BRDA:78,5,0,0
BRDA:82,6,0,0
BRDA:82,6,1,0
BRDA:89,7,0,0
BRDA:89,7,1,0
BRDA:90,8,0,0
BRDA:90,8,1,0
BRDA:90,9,0,0
BRDA:90,9,1,0
BRDA:94,10,0,0
BRDA:94,10,1,0
BRDA:103,11,0,0
BRDA:103,11,1,0
BRDA:103,11,2,0
BRF:28
BRH:0
end_of_record
TN:
SF:src\util\theme.ts
FN:10,(anonymous_0)
FN:21,(anonymous_1)
FN:24,(anonymous_2)
FN:26,(anonymous_3)
FN:30,(anonymous_4)
FN:34,(anonymous_5)
FN:52,(anonymous_6)
FNF:7
FNH:0
FNDA:0,(anonymous_0)
FNDA:0,(anonymous_1)
FNDA:0,(anonymous_2)
FNDA:0,(anonymous_3)
FNDA:0,(anonymous_4)
FNDA:0,(anonymous_5)
FNDA:0,(anonymous_6)
DA:5,0
DA:10,0
DA:11,0
DA:16,0
DA:18,0
DA:21,0
DA:22,0
DA:24,0
DA:26,0
DA:27,0
DA:29,0
DA:30,0
DA:31,0
DA:34,0
DA:36,0
DA:42,0
DA:44,0
DA:45,0
DA:46,0
DA:49,0
DA:52,0
DA:53,0
DA:54,0
LF:23
LH:0
BRDA:11,0,0,0
BRDA:11,0,1,0
BRDA:12,1,0,0
BRDA:12,1,1,0
BRDA:12,1,2,0
BRDA:24,2,0,0
BRDA:24,2,1,0
BRDA:27,3,0,0
BRDA:27,3,1,0
BRDA:44,4,0,0
BRDA:44,4,1,0
BRF:11
BRH:0
end_of_record
TN:
SF:src\util\tokenFormat.ts
FN:3,formatLRN
FN:10,formatUSDC
FN:17,parseLRN
FN:24,parseUSDC
FN:31,formatToken
FN:46,parseToken
FNF:6
FNH:0
FNDA:0,formatLRN
FNDA:0,formatUSDC
FNDA:0,parseLRN
FNDA:0,parseUSDC
FNDA:0,formatToken
FNDA:0,parseToken
DA:1,0
DA:7,0
DA:14,0
DA:21,0
DA:28,0
DA:32,0
DA:33,0
DA:34,0
DA:36,0
DA:37,0
DA:39,0
DA:40,0
DA:42,0
DA:43,0
DA:47,0
DA:49,0
DA:50,0
DA:53,0
DA:54,0
DA:56,0
DA:57,0
DA:58,0
DA:60,0
DA:61,0
DA:63,0
DA:66,0
DA:67,0
LF:27
LH:0
BRDA:5,0,0,0
BRDA:12,1,0,0
BRDA:19,2,0,0
BRDA:26,3,0,0
BRDA:34,4,0,0
BRDA:34,4,1,0
BRDA:43,5,0,0
BRDA:43,5,1,0
BRDA:49,6,0,0
BRDA:49,6,1,0
BRDA:49,7,0,0
BRDA:49,7,1,0
BRDA:54,8,0,0
BRDA:54,8,1,0
BRDA:57,9,0,0
BRDA:57,9,1,0
BRDA:58,10,0,0
BRDA:58,10,1,0
BRDA:60,11,0,0
BRDA:60,11,1,0
BRDA:67,12,0,0
BRDA:67,12,1,0
BRF:22
BRH:0
end_of_record
TN:
SF:src\util\usdc.ts
FN:14,getUSDCContractId
FN:32,mintTestUSDC
FN:69,getUSDCBalance
FN:103,(anonymous_3)
FNF:4
FNH:0
FNDA:0,getUSDCContractId
FNDA:0,mintTestUSDC
FNDA:0,getUSDCBalance
FNDA:0,(anonymous_3)
DA:16,0
DA:19,0
DA:37,0
DA:38,0
DA:40,0
DA:42,0
DA:43,0
DA:47,0
DA:48,0
DA:49,0
DA:70,0
DA:71,0
DA:72,0
DA:76,0
DA:79,0
DA:80,0
DA:84,0
DA:85,0
DA:103,0
DA:104,0
DA:106,0
DA:110,0
DA:111,0
DA:119,0
DA:121,0
DA:123,0
DA:124,0
DA:127,0
DA:130,0
DA:133,0
DA:134,0
DA:135,0
DA:136,0
DA:137,0
DA:138,0
DA:142,0
DA:143,0
DA:144,0
DA:145,0
DA:146,0
DA:149,0
DA:150,0
LF:42
LH:0
BRDA:16,0,0,0
BRDA:16,0,1,0
BRDA:19,1,0,0
BRDA:19,1,1,0
BRDA:35,2,0,0
BRDA:40,3,0,0
BRDA:40,3,1,0
BRDA:44,4,0,0
BRDA:44,4,1,0
BRDA:48,5,0,0
BRDA:48,5,1,0
BRDA:71,6,0,0
BRDA:71,6,1,0
BRDA:104,7,0,0
BRDA:104,7,1,0
BRDA:121,8,0,0
BRDA:121,8,1,0
BRDA:130,9,0,0
BRDA:130,9,1,0
BRDA:134,10,0,0
BRDA:134,10,1,0
BRDA:144,11,0,0
BRDA:144,11,1,0
BRDA:145,12,0,0
BRDA:145,12,1,0
BRF:25
BRH:0
end_of_record
TN:
SF:src\util\wallet.ts
FN:13,(anonymous_0)
FN:51,(anonymous_1)
FN:52,(anonymous_2)
FN:57,getHorizonHost
FN:80,(anonymous_4)
FN:83,(anonymous_5)
FNF:6
FNH:0
FNDA:0,(anonymous_0)
FNDA:0,(anonymous_1)
FNDA:0,(anonymous_2)
FNDA:0,getHorizonHost
FNDA:0,(anonymous_4)
FNDA:0,(anonymous_5)
DA:8,0
DA:13,0
DA:14,0
DA:16,0
DA:19,0
DA:21,0
DA:22,0
DA:23,0
DA:24,0
DA:26,0
DA:27,0
DA:28,0
DA:31,0
DA:32,0
DA:33,0
DA:34,0
DA:35,0
DA:36,0
DA:38,0
DA:39,0
DA:42,0
DA:43,0
DA:47,0
DA:51,0
DA:52,0
DA:53,0
DA:54,0
DA:58,0
DA:60,0
DA:62,0
DA:64,0
DA:66,0
DA:68,0
DA:72,0
DA:76,0
DA:80,0
DA:81,0
DA:82,0
DA:83,0
DA:84,0
DA:86,0
DA:91,0
DA:92,0
DA:94,0
DA:100,0
DA:101,0
DA:103,0
DA:107,0
LF:48
LH:0
BRDA:19,0,0,0
BRDA:19,0,1,0
BRDA:21,1,0,0
BRDA:21,1,1,0
BRDA:31,2,0,0
BRDA:31,2,1,0
BRDA:31,3,0,0
BRDA:31,3,1,0
BRDA:34,4,0,0
BRDA:34,4,1,0
BRDA:34,5,0,0
BRDA:34,5,1,0
BRDA:58,6,0,0
BRDA:58,6,1,0
BRDA:58,6,2,0
BRDA:58,6,3,0
BRDA:58,6,4,0
BRDA:86,7,0,0
BRDA:86,7,1,0
BRDA:88,8,0,0
BRDA:88,8,1,0
BRDA:100,9,0,0
BRDA:100,9,1,0
BRDA:100,10,0,0
BRDA:100,10,1,0
BRF:25
BRH:0
end_of_record
